# JRE version: OpenJDK Runtime Environment (24.0.1+9) (build 24.0.1+9-30)
# Java VM: OpenJDK 64-Bit Server VM (24.0.1+9-30, mixed mode, emulated-client, sharing, tiered, compressed oops, compressed class ptrs, g1 gc, windows-amd64)
GC Precious Log:
 CardTable entry size: 512
 Card Set container configuration: InlinePtr #cards 5 size 8 Array Of Cards #cards 10 size 36 Howl #buckets 4 coarsen threshold 1843 Howl Bitmap #cards 512 size 80 coarsen threshold 460 Card regions per heap region 1 cards per card region 2048
 CPUs: 12 total, 12 available
 Memory: 7916M
 Large Page Support: Disabled
 NUMA Support: Disabled
 Compressed Oops: Enabled (32-bit)
 Heap Region Size: 1M
 Heap Min Capacity: 8M
 Heap Initial Capacity: 124M
 Heap Max Capacity: 1980M
 Pre-touch: Disabled
 Parallel Workers: 10
 Concurrent Workers: 3
 Concurrent Refinement Workers: 10
 Periodic GC: Disabled
Heap:
 garbage-first heap   total reserved 2027520K, committed 69632K, used 53847K [0x0000000084400000, 0x0000000100000000)
  region size 1024K, 24 young (24576K), 2 survivors (2048K)
 Metaspace       used 67240K, committed 67776K, reserved 1114112K
  class space    used 7522K, committed 7744K, reserved 1048576K
GC Heap History (20 events):
Event: 2.596 GC heap before
{Heap before GC invocations=5 (full 0):
 garbage-first heap   total reserved 2027520K, committed 69632K, used 51347K [0x0000000084400000, 0x0000000100000000)
  region size 1024K, 32 young (32768K), 3 survivors (3072K)
 Metaspace       used 35059K, committed 35520K, reserved 1114112K
  class space    used 3882K, committed 4096K, reserved 1048576K
}
Event: 2.598 GC heap after
{Heap after GC invocations=6 (full 0):
 garbage-first heap   total reserved 2027520K, committed 69632K, used 22884K [0x0000000084400000, 0x0000000100000000)
  region size 1024K, 2 young (2048K), 2 survivors (2048K)
 Metaspace       used 35059K, committed 35520K, reserved 1114112K
  class space    used 3882K, committed 4096K, reserved 1048576K
}
Event: 2.629 GC heap before
{Heap before GC invocations=6 (full 0):
 garbage-first heap   total reserved 2027520K, committed 69632K, used 24932K [0x0000000084400000, 0x0000000100000000)
  region size 1024K, 5 young (5120K), 2 survivors (2048K)
 Metaspace       used 35656K, committed 36096K, reserved 1114112K
  class space    used 3958K, committed 4160K, reserved 1048576K
}
Event: 2.631 GC heap after
{Heap after GC invocations=7 (full 0):
 garbage-first heap   total reserved 2027520K, committed 69632K, used 23073K [0x0000000084400000, 0x0000000100000000)
  region size 1024K, 2 young (2048K), 2 survivors (2048K)
 Metaspace       used 35656K, committed 36096K, reserved 1114112K
  class space    used 3958K, committed 4160K, reserved 1048576K
}
Event: 3.133 GC heap before
{Heap before GC invocations=8 (full 0):
 garbage-first heap   total reserved 2027520K, committed 69632K, used 55841K [0x0000000084400000, 0x0000000100000000)
  region size 1024K, 34 young (34816K), 2 survivors (2048K)
 Metaspace       used 44305K, committed 44800K, reserved 1114112K
  class space    used 4771K, committed 4992K, reserved 1048576K
}
Event: 3.135 GC heap after
{Heap after GC invocations=9 (full 0):
 garbage-first heap   total reserved 2027520K, committed 69632K, used 25073K [0x0000000084400000, 0x0000000100000000)
  region size 1024K, 4 young (4096K), 4 survivors (4096K)
 Metaspace       used 44305K, committed 44800K, reserved 1114112K
  class space    used 4771K, committed 4992K, reserved 1048576K
}
Event: 3.560 GC heap before
{Heap before GC invocations=9 (full 0):
 garbage-first heap   total reserved 2027520K, committed 69632K, used 56817K [0x0000000084400000, 0x0000000100000000)
  region size 1024K, 36 young (36864K), 4 survivors (4096K)
 Metaspace       used 52845K, committed 53312K, reserved 1114112K
  class space    used 5872K, committed 6080K, reserved 1048576K
}
Event: 3.563 GC heap after
{Heap after GC invocations=10 (full 0):
 garbage-first heap   total reserved 2027520K, committed 69632K, used 26652K [0x0000000084400000, 0x0000000100000000)
  region size 1024K, 4 young (4096K), 4 survivors (4096K)
 Metaspace       used 52845K, committed 53312K, reserved 1114112K
  class space    used 5872K, committed 6080K, reserved 1048576K
}
Event: 3.959 GC heap before
{Heap before GC invocations=10 (full 0):
 garbage-first heap   total reserved 2027520K, committed 69632K, used 59420K [0x0000000084400000, 0x0000000100000000)
  region size 1024K, 36 young (36864K), 4 survivors (4096K)
 Metaspace       used 58418K, committed 58944K, reserved 1114112K
  class space    used 6420K, committed 6656K, reserved 1048576K
}
Event: 3.962 GC heap after
{Heap after GC invocations=11 (full 0):
 garbage-first heap   total reserved 2027520K, committed 69632K, used 29368K [0x0000000084400000, 0x0000000100000000)
  region size 1024K, 5 young (5120K), 5 survivors (5120K)
 Metaspace       used 58418K, committed 58944K, reserved 1114112K
  class space    used 6420K, committed 6656K, reserved 1048576K
}
Event: 4.022 GC heap before
{Heap before GC invocations=11 (full 0):
 garbage-first heap   total reserved 2027520K, committed 69632K, used 33464K [0x0000000084400000, 0x0000000100000000)
  region size 1024K, 11 young (11264K), 5 survivors (5120K)
 Metaspace       used 59909K, committed 60416K, reserved 1114112K
  class space    used 6557K, committed 6784K, reserved 1048576K
}
Event: 4.025 GC heap after
{Heap after GC invocations=12 (full 0):
 garbage-first heap   total reserved 2027520K, committed 69632K, used 30508K [0x0000000084400000, 0x0000000100000000)
  region size 1024K, 2 young (2048K), 2 survivors (2048K)
 Metaspace       used 59909K, committed 60416K, reserved 1114112K
  class space    used 6557K, committed 6784K, reserved 1048576K
}
Event: 4.332 GC heap before
{Heap before GC invocations=13 (full 0):
 garbage-first heap   total reserved 2027520K, committed 69632K, used 60204K [0x0000000084400000, 0x0000000100000000)
  region size 1024K, 31 young (31744K), 2 survivors (2048K)
 Metaspace       used 63202K, committed 63808K, reserved 1114112K
  class space    used 7021K, committed 7296K, reserved 1048576K
}
Event: 4.334 GC heap after
{Heap after GC invocations=14 (full 0):
 garbage-first heap   total reserved 2027520K, committed 69632K, used 32841K [0x0000000084400000, 0x0000000100000000)
  region size 1024K, 4 young (4096K), 4 survivors (4096K)
 Metaspace       used 63202K, committed 63808K, reserved 1114112K
  class space    used 7021K, committed 7296K, reserved 1048576K
}
Event: 192.547 GC heap before
{Heap before GC invocations=14 (full 0):
 garbage-first heap   total reserved 2027520K, committed 69632K, used 60489K [0x0000000084400000, 0x0000000100000000)
  region size 1024K, 31 young (31744K), 4 survivors (4096K)
 Metaspace       used 64408K, committed 65088K, reserved 1114112K
  class space    used 7184K, committed 7488K, reserved 1048576K
}
Event: 192.560 GC heap after
{Heap after GC invocations=15 (full 0):
 garbage-first heap   total reserved 2027520K, committed 69632K, used 33584K [0x0000000084400000, 0x0000000100000000)
  region size 1024K, 2 young (2048K), 2 survivors (2048K)
 Metaspace       used 64408K, committed 65088K, reserved 1114112K
  class space    used 7184K, committed 7488K, reserved 1048576K
}
Event: 585.822 GC heap before
{Heap before GC invocations=15 (full 0):
 garbage-first heap   total reserved 2027520K, committed 69632K, used 61232K [0x0000000084400000, 0x0000000100000000)
  region size 1024K, 29 young (29696K), 2 survivors (2048K)
 Metaspace       used 64408K, committed 65088K, reserved 1114112K
  class space    used 7184K, committed 7488K, reserved 1048576K
}
Event: 585.865 GC heap after
{Heap after GC invocations=16 (full 0):
 garbage-first heap   total reserved 2027520K, committed 69632K, used 33318K [0x0000000084400000, 0x0000000100000000)
  region size 1024K, 2 young (2048K), 2 survivors (2048K)
 Metaspace       used 64408K, committed 65088K, reserved 1114112K
  class space    used 7184K, committed 7488K, reserved 1048576K
}
Event: 916.203 GC heap before
{Heap before GC invocations=17 (full 0):
 garbage-first heap   total reserved 2027520K, committed 69632K, used 60966K [0x0000000084400000, 0x0000000100000000)
  region size 1024K, 30 young (30720K), 2 survivors (2048K)
 Metaspace       used 65606K, committed 66176K, reserved 1114112K
  class space    used 7320K, committed 7552K, reserved 1048576K
}
Event: 916.214 GC heap after
{Heap after GC invocations=18 (full 0):
 garbage-first heap   total reserved 2027520K, committed 69632K, used 33367K [0x0000000084400000, 0x0000000100000000)
  region size 1024K, 2 young (2048K), 2 survivors (2048K)
 Metaspace       used 65606K, committed 66176K, reserved 1114112K
  class space    used 7320K, committed 7552K, reserved 1048576K
}

