<?xml version="1.0" encoding="UTF-8"?>
<testsuite xmlns:xsi="http://www.w3.org/2001/XMLSchema-instance" xsi:noNamespaceSchemaLocation="https://maven.apache.org/surefire/maven-surefire-plugin/xsd/surefire-test-report-3.0.xsd" version="3.0" name="com.mycompany.gestionproyectosacademicos.services.UserServicesTest" time="8.526" tests="4" errors="0" skipped="0" failures="0">
  <properties>
[...]
</properties>
  <testcase name="testSaveUser_Success" classname="com.mycompany.gestionproyectosacademicos.services.UserServicesTest" time="4.84"/>
  <testcase name="testSaveUser_Failure_DuplicateEmail" classname="com.mycompany.gestionproyectosacademicos.services.UserServicesTest" time="3.672"/>
  <testcase name="testAutenticarUsuario_Success" classname="com.mycompany.gestionproyectosacademicos.services.UserServicesTest" time="0.002"/>
  <testcase name="testAutenticarUsuario_Failure" classname="com.mycompany.gestionproyectosacademicos.services.UserServicesTest" time="0.006"/>
</testsuite>