<?xml version="1.0" encoding="UTF-8"?>
<testsuite xmlns:xsi="http://www.w3.org/2001/XMLSchema-instance" xsi:noNamespaceSchemaLocation="https://maven.apache.org/surefire/maven-surefire-plugin/xsd/surefire-test-report-3.0.xsd" version="3.0" name="com.mycompany.gestionproyectosacademicos.domain.entities.ProjectTest" time="0.009" tests="2" errors="0" skipped="0" failures="0">
  <properties>
[...]
</properties>
  <testcase name="testProjectConstructorAndGetters" classname="com.mycompany.gestionproyectosacademicos.domain.entities.ProjectTest" time="0.001"/>
  <testcase name="testSetters" classname="com.mycompany.gestionproyectosacademicos.domain.entities.ProjectTest" time="0.002"/>
</testsuite>