<?xml version="1.0" encoding="UTF-8"?>
<testsuite xmlns:xsi="http://www.w3.org/2001/XMLSchema-instance" xsi:noNamespaceSchemaLocation="https://maven.apache.org/surefire/maven-surefire-plugin/xsd/surefire-test-report.xsd" version="3.0.2" name="com.unicauca.AuthService.AuthServiceApplicationTests" time="4.896" tests="1" errors="0" skipped="0" failures="0">
  <properties>
[...]
</properties>
  <testcase name="contextLoads" classname="com.unicauca.AuthService.AuthServiceApplicationTests" time="0.356">
    <system-out><![CDATA[13:21:38.134 [main] INFO org.springframework.test.context.support.AnnotationConfigContextLoaderUtils -- Could not detect default configuration classes for test class [com.unicauca.AuthService.AuthServiceApplicationTests]: AuthServiceApplicationTests does not declare any static, non-private, non-final, nested classes annotated with @Configuration.
13:21:38.278 [main] INFO org.springframework.boot.test.context.SpringBootTestContextBootstrapper -- Found @SpringBootConfiguration com.unicauca.AuthService.AuthServiceApplication for test class com.unicauca.AuthService.AuthServiceApplicationTests
13:21:38.473 [main] INFO org.springframework.boot.devtools.restart.RestartApplicationListener -- Restart disabled due to context in which it is running

  .   ____          _            __ _ _
 /\\ / ___'_ __ _ _(_)_ __  __ _ \ \ \ \
( ( )\___ | '_ | '_| | '_ \/ _` | \ \ \ \
 \\/  ___)| |_)| | | | | || (_| |  ) ) ) )
  '  |____| .__|_| |_|_| |_\__, | / / / /
 =========|_|==============|___/=/_/_/_/

 :: Spring Boot ::                (v3.4.5)

2025-05-16T13:21:38.763-05:00  INFO 12820 --- [AuthService] [           main] c.u.A.AuthServiceApplicationTests        : Starting AuthServiceApplicationTests using Java 23.0.1 with PID 12820 (started by Jhonatan in C:\Users\Jhonatan\Documents\NetBeansProjects\Microservices-Academic-Projects\AuthService)
2025-05-16T13:21:38.765-05:00  INFO 12820 --- [AuthService] [           main] c.u.A.AuthServiceApplicationTests        : No active profile set, falling back to 1 default profile: "default"
2025-05-16T13:21:39.389-05:00  INFO 12820 --- [AuthService] [           main] .s.d.r.c.RepositoryConfigurationDelegate : Bootstrapping Spring Data JPA repositories in DEFAULT mode.
2025-05-16T13:21:39.439-05:00  INFO 12820 --- [AuthService] [           main] .s.d.r.c.RepositoryConfigurationDelegate : Finished Spring Data repository scanning in 41 ms. Found 1 JPA repository interface.
2025-05-16T13:21:39.854-05:00  INFO 12820 --- [AuthService] [           main] com.zaxxer.hikari.HikariDataSource       : HikariPool-1 - Starting...
2025-05-16T13:21:40.048-05:00  INFO 12820 --- [AuthService] [           main] com.zaxxer.hikari.pool.HikariPool        : HikariPool-1 - Added connection conn0: url=jdbc:h2:mem:37cdfb49-124d-42ad-950f-1b51de4d87ad user=SA
2025-05-16T13:21:40.050-05:00  INFO 12820 --- [AuthService] [           main] com.zaxxer.hikari.HikariDataSource       : HikariPool-1 - Start completed.
2025-05-16T13:21:40.101-05:00  INFO 12820 --- [AuthService] [           main] o.hibernate.jpa.internal.util.LogHelper  : HHH000204: Processing PersistenceUnitInfo [name: default]
2025-05-16T13:21:40.182-05:00  INFO 12820 --- [AuthService] [           main] org.hibernate.Version                    : HHH000412: Hibernate ORM core version 6.6.13.Final
2025-05-16T13:21:40.229-05:00  INFO 12820 --- [AuthService] [           main] o.h.c.internal.RegionFactoryInitiator    : HHH000026: Second-level cache disabled
2025-05-16T13:21:40.518-05:00  INFO 12820 --- [AuthService] [           main] o.s.o.j.p.SpringPersistenceUnitInfo      : No LoadTimeWeaver setup: ignoring JPA class transformer
2025-05-16T13:21:40.589-05:00  INFO 12820 --- [AuthService] [           main] org.hibernate.orm.connections.pooling    : HHH10001005: Database info:
	Database JDBC URL [Connecting through datasource 'HikariDataSource (HikariPool-1)']
	Database driver: undefined/unknown
	Database version: 2.3.232
	Autocommit mode: undefined/unknown
	Isolation level: undefined/unknown
	Minimum pool size: undefined/unknown
	Maximum pool size: undefined/unknown
2025-05-16T13:21:41.274-05:00  INFO 12820 --- [AuthService] [           main] o.h.e.t.j.p.i.JtaPlatformInitiator       : HHH000489: No JTA platform available (set 'hibernate.transaction.jta.platform' to enable JTA platform integration)
2025-05-16T13:21:41.305-05:00  INFO 12820 --- [AuthService] [           main] j.LocalContainerEntityManagerFactoryBean : Initialized JPA EntityManagerFactory for persistence unit 'default'
2025-05-16T13:21:41.615-05:00  WARN 12820 --- [AuthService] [           main] JpaBaseConfiguration$JpaWebConfiguration : spring.jpa.open-in-view is enabled by default. Therefore, database queries may be performed during view rendering. Explicitly configure spring.jpa.open-in-view to disable this warning
2025-05-16T13:21:41.651-05:00  WARN 12820 --- [AuthService] [           main] .s.s.UserDetailsServiceAutoConfiguration : 

Using generated security password: 85df0e6a-f686-401f-b8c6-80ebb9d8ee82

This generated password is for development use only. Your security configuration must be updated before running your application in production.

2025-05-16T13:21:41.661-05:00  INFO 12820 --- [AuthService] [           main] r$InitializeUserDetailsManagerConfigurer : Global AuthenticationManager configured with UserDetailsService bean with name inMemoryUserDetailsManager
2025-05-16T13:21:42.240-05:00  INFO 12820 --- [AuthService] [           main] c.u.A.AuthServiceApplicationTests        : Started AuthServiceApplicationTests in 3.784 seconds (process running for 4.861)
Usuario Coordinador predeterminado creado
]]></system-out>
    <system-err><![CDATA[Mockito is currently self-attaching to enable the inline-mock-maker. This will no longer work in future releases of the JDK. Please add Mockito as an agent to your build what is described in Mockito's documentation: https://javadoc.io/doc/org.mockito/mockito-core/latest/org/mockito/Mockito.html#0.3
WARNING: A Java agent has been loaded dynamically (C:\Users\Jhonatan\.m2\repository\net\bytebuddy\byte-buddy-agent\1.15.11\byte-buddy-agent-1.15.11.jar)
WARNING: If a serviceability tool is in use, please run with -XX:+EnableDynamicAgentLoading to hide this warning
WARNING: If a serviceability tool is not in use, please run with -Djdk.instrument.traceUsage for more information
WARNING: Dynamic loading of agents will be disallowed by default in a future release
]]></system-err>
  </testcase>
</testsuite>